DEBUG:root:device='cpu'
DEBUG:root:Step:        0, train loss:  4.18638, eval loss:  4.18441
DEBUG:root:Step:      500, train loss:  2.61408, eval loss:  2.61067
DEBUG:root:Step:     1000, train loss:  2.45948, eval loss:  2.46231
DEBUG:root:Step:     1500, train loss:  2.38170, eval loss:  2.39030
DEBUG:root:Step:     2000, train loss:  2.33807, eval loss:  2.35226
DEBUG:root:Step:     2500, train loss:  2.31313, eval loss:  2.32400
DEBUG:root:Step:     3000, train loss:  2.28049, eval loss:  2.28527
DEBUG:root:Step:     3500, train loss:  2.26062, eval loss:  2.27876
DEBUG:root:Step:     4000, train loss:  2.24273, eval loss:  2.27606
DEBUG:root:Step:     4500, train loss:  2.23392, eval loss:  2.25392
DEBUG:root:Step:     5000, train loss:  2.22099, eval loss:  2.25215
DEBUG:root:Step:     5500, train loss:  2.20590, eval loss:  2.23746
DEBUG:root:Step:     6000, train loss:  2.19042, eval loss:  2.23943
DEBUG:root:Step:     6500, train loss:  2.18792, eval loss:  2.23322
DEBUG:root:Step:     7000, train loss:  2.17622, eval loss:  2.21966
DEBUG:root:Step:     7500, train loss:  2.17053, eval loss:  2.22152
DEBUG:root:Step:     8000, train loss:  2.16166, eval loss:  2.22097
DEBUG:root:Step:     8500, train loss:  2.15481, eval loss:  2.20794
DEBUG:root:Step:     9000, train loss:  2.15659, eval loss:  2.19912
DEBUG:root:Step:     9500, train loss:  2.14464, eval loss:  2.19737
INFO:root:
QUEE:
Shat!
Os;
Heed, sto cromand puld;
Fouled dem dour shelestrod dage pponge: as fare wal. My, arllad hat my aerthis so his:
In, four srat hor?

Sere weorgh mery; athar hall arin lince unget ound, fancrome norter,
Of wall Jis:
Tho sin
Toal Ford pen,
Se befold cat fear ardon.

SILADY O:
POLSXARIIO:
The Buthe sentle dherp loou Rom ly wile hist his it didleded wo so be dhe nech you aswith he ais Lexhering efese, agald shand weiars tas thum dechou mad wir rear sts ande sayar and are I ther:
Nin will a thoore wars:
Ale to Clow not Luponfcount;
Boushe's choo har mowniy hen:
Whe kunfy toly mient ang upedpes; lowhe deve, your ien ERMEBELELAY:
worou your
st pis be thade mnows. Hind.

Lard gio,
Her.

FOMENES VO:
Nord my mapem hand vish is is dear you Clow diroth Rud ing und ane to to ppen lopel'd aweaw, boal cands arre he mor iff'll loove are rient ries.-

LURTESTENE:
Thy tord, mountatenwis krea ostrage. Meng our igrave
To ald-be Ent has of fold be wold atwers, the win Kone sbressty grive four Mor thou weart
Yorn'd but,
I ane kner, tord spas, so ing fich we ing fremfer may to angive walcih she aded The the onot an duaugerned ancend siaur onies in a
voure fing:
The aswath, my bany eave Oned me oxlist huswobe Bout Do ponow me is you Go-routem thus,
'Twath to.

ZEt you the the shy,

K
Et ARDIY:
And pakiept such ine lice?

GROUS:
O:
A,
Ann com. Morithe anne
Ser of wis shos'd, thard you to yor to CHed,
they the hour thatgall he, cie, be wall
pece tholls the lesove lad cuth teseng iand vunot Reormiet the achge! thineocrud you cang'Rut to: everove ition do he 's Lor tere is it delay go cart af hy nome
LAMET:
Arus
Thadont de, forgegt Tain!

Noled lust oublove dund all shee mot awoly dom go a, aruch hour be wiond your and vake seane she my cong, acrie what your the pof'd foredas thum CEDWAEO:
I shaved Xuso thought some and lorces thim the go. 'Os whe feangen.

VORGABUKE:
ARD Wichled?
Pang akel of it hard.

there; sof rond tored ows withe gaccher: mandief Werdeaws, now that ther!
 bestelforsy chond sheme
Tin agat
Basturion ablray, adul all me ariim the ame uand arelcelp thavence lovee ther chou youle'll you ang incothed jusemoin,
Mall lon, fot me-
Rour mes to cuned all now;
Wher thy dest gred arand Your avud one, you dens a whastruk:
Cad lordentr Inoth, fethe I,
Cousie,
And pea?

Pevald schen.

ORDeme cove onoth to arus,
Ther; of reven mot pon, wor led do dely wavelabe hor hous somp fof per ustras, go hee his thiaps: am'Rimeeat,
I atre,
I queess.

Che cour grule, thim,
Mat er, lord's sof ariadopped carth kit ot to wome, upcombe adtith,
The hall shave dedife, sed.

Cale,
And an sing all:
Pe? Owice sove pos
Whe son gram gefise erowhe shov probls you I muless.

LADIO:

WARD VINBY:
Godare reat-- Whiboud mize,
awe, all sprom dae, hon sat wand and withem wispiplor Thath lot of hou sdeans
Ond ake siren mes songely welf arve is al rint-'Tiss holloove wery:
Ca marrest commot by Om:
And the seag;
Shal size seey promy Pin.
Those Light hele Rid lore he han, morenteres dris it thaboud.

GRES:
Postimef it tour.

CLA:
Buch house upbordagale me,
I' geagall leman of ceracce Ror,
And.
I sors ghay anke thae taly Tham, Land any prim ife his fir thomnow-'s tostle yow.

ISIOLAULIINDIIV RING of bet will cict lo, mad.
Tres,-
Thave wor hounm:
O, for offize-avies with rownar mome wore
Mird dime pre!-
RUCEDWABUCENIUSICENTANIULE:
Thane;
Iniblaess thes ortave,
My dyalt
If luedel coy Afeife lis thous
Om st ap ther thy I
Cou hers the mis burd varimow wilids fer atwave wher unt bay!
Eher,
Fre''dled wit?

That hinga tose Deifor I deo, boy: wint Ey cly do hang preand hon reng Loirlig
Thain agrom heche pyour theae secome a Sakey our, my swe tpow and so cruld enhat tim beyot and sose vy;
Tid his bave loo Cows,
MARTILAAT:
Dhomy dave to hid woumall Bould wich grow mack'eince nond
The?

Eke my thosery'd brue the ho ren:
I it Doomeome?
ISICENIUNES:
Cou re coupt cagaland:
O Weas:
Pif't Praage ingeavesod tow, my bart, your my am old wies sts frich cong heas my hals sein ung my dent!

MERII reroughe not, he will deve.
Te! Lur obdays, thou heste, shich or'fruve, bas our ther,' set thasts and I he ying for arvich to not the rokin to hou shour, ther, mo, hor!
Awas all dathers not ut of folf,
Hor twe ends God coot as your weron's but med? Aprangs.

CLAUL:
The wich menwe he sight
To too ve ther,
As not coudence be moin Thowse:
Lo-'d vintt prun hand tor be' me wals tach menk?

BUCUERE:
Toe:
Chim.

BOf uche nothicant 'flot theack of now his mpis sior own cout abousife
The an'd nastis thar hicr sishere Cownover: adearse dad me, my with imen hold coung
Horfave thoom my die surciep, dadine,
Thouglow
Tho no he, holt.

BELIZANIXEV:
Mat will Randeng aloosarchonen the wauth Cilkied tray,
RULIO:
But fo, grathe to san of are
Re lat his pown'd bress
You andl we dien.

WOLAUS:
Lor igreice ared bucike ant's the thom des cay
Thesow Wer,
Raus be fagrovar harcty Pene my I huse theld I'd cales siploll?

Yett the the ald Room I and sive Lor your the some lo 'th kiechom amping they ther
buth I ther bue.

FRIV Beneef hascen.

Ton:
Of dly you he Yordime as eanenh' of onow'd beart JII mes upesin han; I the but the my her gearnsestree ghong tedenre:
vate by sold speave me thade bue to it the no mall ant claging found. And amf dory miest:
Thave hough, fard ay to Laly lord I kir beime to mome My dor not whingn, she dries lowe shoi sod thern the dow, fall your.

HARWIOTUS, thouch
Vither's ct hing boplbou kind int ingy, rardake; dorbm lord you, ot pinge feair'd. O: is an athe ant?

ARD IV:
Land, milome Ore tay les crod heive selal yourn
LUKE:
Foar's oung so My ache, sere wing sunt reds:
Cand
cath:
Bovow ghheave rold iche ponigh and ing'st do such ingid, I bat theasd Whall kem div
To is
Ineld Jo, be, hou fung mint ya hens neives, kifen you un, fionded of.

COMGORK:
Wal imich way gor tole low sal
Co youg, alix and spur God Gog- now mowf cord, for sest chan what deagn starl, aurne--
DOW:
Buth serb forn:
Four sin Gerst I sombany cangly:
Nore twitet des ber: act had so wis of deems ataw: kill was not deaght tour ight thorpherell-in,
And, ars you pan de.

BRYOLET:
Shat mand may enen for thimer of rickech, go wayou whave the the
Clourten! whavers; thy his a
inge;
Yout, pold them, Pard ing a hom me move shou, ot that hor at ancas'd?
Yor cust idroze'r? Got ster to nechmow anse now anow
To to arage CI
FOMENVINIUS:
Mou song adcle ant; he thight By: bart in shary?

GO:
Efifencow ars him it wam mant; pul pand by fore tore alo, enest manid imaveren croow;
ly wo, shou coo is canince,
Slo dod O
Awo the of dent: O, wous,
Khoome as ware word frace, ingeraind erom to wor, as was ford ayly andioks; of rowith Wor thy plow bit ball, thou he broth.
I LIZAE:
Et astandy ger to my podeme poafe he wicen:
Whe And dowin whe be therre mang ibras your prae thergrovin:
But mas upor: lith ve 'den she thou have la'd up:
Sptend Larvang
Dy coo, you hrid to the a he me comm
Ines pongs pron rell ings
Thaccy theave you to lid fros ance and lo, he hat he' Land Ejuing cood, my for whiden tweris nat hand'd sprand thou BOLIARD:
Dan;
And thoso of my the swor prin meied.

Melivat he Rafe: dercund sto, it ans hosard:
Thar, Eght of coy ancegindb of hor uchen:
Cat
Feren,
O LIZARWARD: thy her:
St cor Enesh er goals bpen they bly of goor now the whave shosid I a were sow choud an!
'LBROK:
Shy lored, lo, owee, o'f fort spant.
Wisay it to spes rom loourdod wor, ther onove
I 'prope man stsiths couch enerop Semano: and queen hors:
O rod lib hare, ords did dray movy out wize, the wout Poso to incecby dery, the of mourd!

RRIOLAMD:
Seanve, for hat allfoll of tif speow livowall of nas, vas din yor athenk wath the
Thand I dery hay mave will slay he on may sear dom bert the hand enas thuse quiks; thalle yould, he him and mings, you?
Bon, par bell bespt him ans kine you ingest,
Iler you, gruee grou a,
To thim I noke, Yoru's pold,
Wor sarove, riblord!
As ay sow stick pedot ton. Ho-'d vame uppren, in harle ford, sor ity thad dien hour by, you: in will the eatre
Aus wark not were beer.

LIOLATETERY:
What 't lroo bet pald swath sear wold her of Largarloord sone, rie.

OULET:
The a:
This
Lak:
Loltrely aumpall hosord; yesanies hald my pearth ppowe thinge of pomad 'dlay jean selp mesed,
Whit bese; seingin pontle so her.

QUUS:
Bompeaxth majoaks BiW Lort the bute:
Thal ho polpolle is pheree sbe,
To sost deow doul bod of mingepon eard's-

ERET:
Nese bred, the tasy I erity worth
Hed Gootiss work'd, adhe chird he arrobre tcougeathus wort led and, couk us hount chat exet his
And ans vay hainge livor whar;
Whall?

HARCIIO:
And wed old hey gomen of comy souns! For to is
LUCE:
Sit dos dot lecy But Clas his sare, tauth deryserel thever dares we han mame made you goo elll by ee he now bus-pem
Mo, sorgepre mairs your
Coses.

CINIUKI:
Ce
le ciford, trom mien rodare pere the sorrep.
TUnt youge ing thow I,
Land ferre Ezhim:
For, ifsow thene offr upe,
Thour lerot to a my eaund caer the Youd a, omat unge Sord, vilee kin, they seardectey of him oould he hoses a's; The stee, theem airs,--
The I of hars thain dol. But be wolght soster, ur
And tat he theen bor pomy you, ur dere, luch baw I not Eld fal she, adll kule, be thid love to fuspon ake your them
In a hat.

WARDUMEORMY:
LUS:
Sroblet? mamy Kingagroo thee in
BRERELLABY:
Tinat thim brad
Lhe's annots ve bold, my hit as ent
Ondit net ubander to erave marth Venceserth ane a, as aking herell racll hay, ife ght ve lome sit to Gon parth
By Vore songse ward Air crod fors to?-
Secudch he not
The do work, thas, cren make urspeaw,
Ifour, my tion wead dat prank.
I a wence wolll him tho bee, ordeloove sompub cord,
Seith at quout id That no is grinjou unt.

Sem cate bee lort here mole forle is anits, der at doms nel'll 't ane with swrold evut hone it but my, 'd? Aur harfes hast goold eat lie the swouss ford ser

Mardy, thus kour sin you nouse'nus shour grud'd Go sears;
Whad ay peen at will peve dace hat it my lin;
Thim ung fur noning and, such is for wall sungeingeevend eatith proye Radry;
Whis:
They to tist, ameng no, pere my hou, sore ther
Yoy
DEBUG:root:device='cpu'
DEBUG:root:Step:        0, train loss:  4.18638, eval loss:  4.18441
DEBUG:root:Step:      500, train loss:  2.61408, eval loss:  2.61067
DEBUG:root:Step:     1000, train loss:  2.45948, eval loss:  2.46231
DEBUG:root:Step:     1500, train loss:  2.38170, eval loss:  2.39030
DEBUG:root:Step:     2000, train loss:  2.33807, eval loss:  2.35226
DEBUG:root:Step:     2500, train loss:  2.31313, eval loss:  2.32400
DEBUG:root:Step:     3000, train loss:  2.28049, eval loss:  2.28527
DEBUG:root:Step:     3500, train loss:  2.26062, eval loss:  2.27876
DEBUG:root:Step:     4000, train loss:  2.24273, eval loss:  2.27606
DEBUG:root:Step:     4500, train loss:  2.23392, eval loss:  2.25392
DEBUG:root:Step:     5000, train loss:  2.22099, eval loss:  2.25215
DEBUG:root:Step:     5500, train loss:  2.20590, eval loss:  2.23746
DEBUG:root:Step:     6000, train loss:  2.19042, eval loss:  2.23943
DEBUG:root:Step:     6500, train loss:  2.18792, eval loss:  2.23322
DEBUG:root:Step:     7000, train loss:  2.17622, eval loss:  2.21966
DEBUG:root:Step:     7500, train loss:  2.17053, eval loss:  2.22152
DEBUG:root:Step:     8000, train loss:  2.16166, eval loss:  2.22097
DEBUG:root:Step:     8500, train loss:  2.15481, eval loss:  2.20794
DEBUG:root:Step:     9000, train loss:  2.15659, eval loss:  2.19912
DEBUG:root:Step:     9500, train loss:  2.14464, eval loss:  2.19737
INFO:root:
QUEE:
Shat!
Os;
Heed, sto cromand puld;
Fouled dem dour shelestrod dage pponge: as fare wal. My, arllad hat my aerthis so his:
In, four srat hor?

Sere weorgh mery; athar hall arin lince unget ound, fancrome norter,
Of wall Jis:
Tho sin
Toal Ford pen,
Se befold cat fear ardon.

SILADY O:
POLSXARIIO:
The Buthe sentle dherp loou Rom ly wile hist his it didleded wo so be dhe nech you aswith he ais Lexhering efese, agald shand weiars tas thum dechou mad wir rear sts ande sayar and are I ther:
Nin will a thoore wars:
Ale to Clow not Luponfcount;
Boushe's choo har mowniy hen:
Whe kunfy toly mient ang upedpes; lowhe deve, your ien ERMEBELELAY:
worou your
st pis be thade mnows. Hind.

Lard gio,
Her.

FOMENES VO:
Nord my mapem hand vish is is dear you Clow diroth Rud ing und ane to to ppen lopel'd aweaw, boal cands arre he mor iff'll loove are rient ries.-

LURTESTENE:
Thy tord, mountatenwis krea ostrage. Meng our igrave
To ald-be Ent has of fold be wold atwers, the win Kone sbressty grive four Mor thou weart
Yorn'd but,
I ane kner, tord spas, so ing fich we ing fremfer may to angive walcih she aded The the onot an duaugerned ancend siaur onies in a
voure fing:
The aswath, my bany eave Oned me oxlist huswobe Bout Do ponow me is you Go-routem thus,
'Twath to.

ZEt you the the shy,

K
Et ARDIY:
And pakiept such ine lice?

GROUS:
O:
A,
Ann com. Morithe anne
Ser of wis shos'd, thard you to yor to CHed,
they the hour thatgall he, cie, be wall
pece tholls the lesove lad cuth teseng iand vunot Reormiet the achge! thineocrud you cang'Rut to: everove ition do he 's Lor tere is it delay go cart af hy nome
LAMET:
Arus
Thadont de, forgegt Tain!

Noled lust oublove dund all shee mot awoly dom go a, aruch hour be wiond your and vake seane she my cong, acrie what your the pof'd foredas thum CEDWAEO:
I shaved Xuso thought some and lorces thim the go. 'Os whe feangen.

VORGABUKE:
ARD Wichled?
Pang akel of it hard.

there; sof rond tored ows withe gaccher: mandief Werdeaws, now that ther!
 bestelforsy chond sheme
Tin agat
Basturion ablray, adul all me ariim the ame uand arelcelp thavence lovee ther chou youle'll you ang incothed jusemoin,
Mall lon, fot me-
Rour mes to cuned all now;
Wher thy dest gred arand Your avud one, you dens a whastruk:
Cad lordentr Inoth, fethe I,
Cousie,
And pea?

Pevald schen.

ORDeme cove onoth to arus,
Ther; of reven mot pon, wor led do dely wavelabe hor hous somp fof per ustras, go hee his thiaps: am'Rimeeat,
I atre,
I queess.

Che cour grule, thim,
Mat er, lord's sof ariadopped carth kit ot to wome, upcombe adtith,
The hall shave dedife, sed.

Cale,
And an sing all:
Pe? Owice sove pos
Whe son gram gefise erowhe shov probls you I muless.

LADIO:

WARD VINBY:
Godare reat-- Whiboud mize,
awe, all sprom dae, hon sat wand and withem wispiplor Thath lot of hou sdeans
Ond ake siren mes songely welf arve is al rint-'Tiss holloove wery:
Ca marrest commot by Om:
And the seag;
Shal size seey promy Pin.
Those Light hele Rid lore he han, morenteres dris it thaboud.

GRES:
Postimef it tour.

CLA:
Buch house upbordagale me,
I' geagall leman of ceracce Ror,
And.
I sors ghay anke thae taly Tham, Land any prim ife his fir thomnow-'s tostle yow.

ISIOLAULIINDIIV RING of bet will cict lo, mad.
Tres,-
Thave wor hounm:
O, for offize-avies with rownar mome wore
Mird dime pre!-
RUCEDWABUCENIUSICENTANIULE:
Thane;
Iniblaess thes ortave,
My dyalt
If luedel coy Afeife lis thous
Om st ap ther thy I
Cou hers the mis burd varimow wilids fer atwave wher unt bay!
Eher,
Fre''dled wit?

That hinga tose Deifor I deo, boy: wint Ey cly do hang preand hon reng Loirlig
Thain agrom heche pyour theae secome a Sakey our, my swe tpow and so cruld enhat tim beyot and sose vy;
Tid his bave loo Cows,
MARTILAAT:
Dhomy dave to hid woumall Bould wich grow mack'eince nond
The?

Eke my thosery'd brue the ho ren:
I it Doomeome?
ISICENIUNES:
Cou re coupt cagaland:
O Weas:
Pif't Praage ingeavesod tow, my bart, your my am old wies sts frich cong heas my hals sein ung my dent!

MERII reroughe not, he will deve.
Te! Lur obdays, thou heste, shich or'fruve, bas our ther,' set thasts and I he ying for arvich to not the rokin to hou shour, ther, mo, hor!
Awas all dathers not ut of folf,
Hor twe ends God coot as your weron's but med? Aprangs.

CLAUL:
The wich menwe he sight
To too ve ther,
As not coudence be moin Thowse:
Lo-'d vintt prun hand tor be' me wals tach menk?

BUCUERE:
Toe:
Chim.

BOf uche nothicant 'flot theack of now his mpis sior own cout abousife
The an'd nastis thar hicr sishere Cownover: adearse dad me, my with imen hold coung
Horfave thoom my die surciep, dadine,
Thouglow
Tho no he, holt.

BELIZANIXEV:
Mat will Randeng aloosarchonen the wauth Cilkied tray,
RULIO:
But fo, grathe to san of are
Re lat his pown'd bress
You andl we dien.

WOLAUS:
Lor igreice ared bucike ant's the thom des cay
Thesow Wer,
Raus be fagrovar harcty Pene my I huse theld I'd cales siploll?

Yett the the ald Room I and sive Lor your the some lo 'th kiechom amping they ther
buth I ther bue.

FRIV Beneef hascen.

Ton:
Of dly you he Yordime as eanenh' of onow'd beart JII mes upesin han; I the but the my her gearnsestree ghong tedenre:
vate by sold speave me thade bue to it the no mall ant claging found. And amf dory miest:
Thave hough, fard ay to Laly lord I kir beime to mome My dor not whingn, she dries lowe shoi sod thern the dow, fall your.

HARWIOTUS, thouch
Vither's ct hing boplbou kind int ingy, rardake; dorbm lord you, ot pinge feair'd. O: is an athe ant?

ARD IV:
Land, milome Ore tay les crod heive selal yourn
LUKE:
Foar's oung so My ache, sere wing sunt reds:
Cand
cath:
Bovow ghheave rold iche ponigh and ing'st do such ingid, I bat theasd Whall kem div
To is
Ineld Jo, be, hou fung mint ya hens neives, kifen you un, fionded of.

COMGORK:
Wal imich way gor tole low sal
Co youg, alix and spur God Gog- now mowf cord, for sest chan what deagn starl, aurne--
DOW:
Buth serb forn:
Four sin Gerst I sombany cangly:
Nore twitet des ber: act had so wis of deems ataw: kill was not deaght tour ight thorpherell-in,
And, ars you pan de.

BRYOLET:
Shat mand may enen for thimer of rickech, go wayou whave the the
Clourten! whavers; thy his a
inge;
Yout, pold them, Pard ing a hom me move shou, ot that hor at ancas'd?
Yor cust idroze'r? Got ster to nechmow anse now anow
To to arage CI
FOMENVINIUS:
Mou song adcle ant; he thight By: bart in shary?

GO:
Efifencow ars him it wam mant; pul pand by fore tore alo, enest manid imaveren croow;
ly wo, shou coo is canince,
Slo dod O
Awo the of dent: O, wous,
Khoome as ware word frace, ingeraind erom to wor, as was ford ayly andioks; of rowith Wor thy plow bit ball, thou he broth.
I LIZAE:
Et astandy ger to my podeme poafe he wicen:
Whe And dowin whe be therre mang ibras your prae thergrovin:
But mas upor: lith ve 'den she thou have la'd up:
Sptend Larvang
Dy coo, you hrid to the a he me comm
Ines pongs pron rell ings
Thaccy theave you to lid fros ance and lo, he hat he' Land Ejuing cood, my for whiden tweris nat hand'd sprand thou BOLIARD:
Dan;
And thoso of my the swor prin meied.

Melivat he Rafe: dercund sto, it ans hosard:
Thar, Eght of coy ancegindb of hor uchen:
Cat
Feren,
O LIZARWARD: thy her:
St cor Enesh er goals bpen they bly of goor now the whave shosid I a were sow choud an!
'LBROK:
Shy lored, lo, owee, o'f fort spant.
Wisay it to spes rom loourdod wor, ther onove
I 'prope man stsiths couch enerop Semano: and queen hors:
O rod lib hare, ords did dray movy out wize, the wout Poso to incecby dery, the of mourd!

RRIOLAMD:
Seanve, for hat allfoll of tif speow livowall of nas, vas din yor athenk wath the
Thand I dery hay mave will slay he on may sear dom bert the hand enas thuse quiks; thalle yould, he him and mings, you?
Bon, par bell bespt him ans kine you ingest,
Iler you, gruee grou a,
To thim I noke, Yoru's pold,
Wor sarove, riblord!
As ay sow stick pedot ton. Ho-'d vame uppren, in harle ford, sor ity thad dien hour by, you: in will the eatre
Aus wark not were beer.

LIOLATETERY:
What 't lroo bet pald swath sear wold her of Largarloord sone, rie.

OULET:
The a:
This
Lak:
Loltrely aumpall hosord; yesanies hald my pearth ppowe thinge of pomad 'dlay jean selp mesed,
Whit bese; seingin pontle so her.

QUUS:
Bompeaxth majoaks BiW Lort the bute:
Thal ho polpolle is pheree sbe,
To sost deow doul bod of mingepon eard's-

ERET:
Nese bred, the tasy I erity worth
Hed Gootiss work'd, adhe chird he arrobre tcougeathus wort led and, couk us hount chat exet his
And ans vay hainge livor whar;
Whall?

HARCIIO:
And wed old hey gomen of comy souns! For to is
LUCE:
Sit dos dot lecy But Clas his sare, tauth deryserel thever dares we han mame made you goo elll by ee he now bus-pem
Mo, sorgepre mairs your
Coses.

CINIUKI:
Ce
le ciford, trom mien rodare pere the sorrep.
TUnt youge ing thow I,
Land ferre Ezhim:
For, ifsow thene offr upe,
Thour lerot to a my eaund caer the Youd a, omat unge Sord, vilee kin, they seardectey of him oould he hoses a's; The stee, theem airs,--
The I of hars thain dol. But be wolght soster, ur
And tat he theen bor pomy you, ur dere, luch baw I not Eld fal she, adll kule, be thid love to fuspon ake your them
In a hat.

WARDUMEORMY:
LUS:
Sroblet? mamy Kingagroo thee in
BRERELLABY:
Tinat thim brad
Lhe's annots ve bold, my hit as ent
Ondit net ubander to erave marth Venceserth ane a, as aking herell racll hay, ife ght ve lome sit to Gon parth
By Vore songse ward Air crod fors to?-
Secudch he not
The do work, thas, cren make urspeaw,
Ifour, my tion wead dat prank.
I a wence wolll him tho bee, ordeloove sompub cord,
Seith at quout id That no is grinjou unt.

Sem cate bee lort here mole forle is anits, der at doms nel'll 't ane with swrold evut hone it but my, 'd? Aur harfes hast goold eat lie the swouss ford ser

Mardy, thus kour sin you nouse'nus shour grud'd Go sears;
Whad ay peen at will peve dace hat it my lin;
Thim ung fur noning and, such is for wall sungeingeevend eatith proye Radry;
Whis:
They to tist, ameng no, pere my hou, sore ther
Yoy
DEBUG:root:device='cpu'
