DEBUG:root:device='cpu'
DEBUG:root:Step:        0, train loss:  4.18201, eval loss:  4.18216
DEBUG:root:Step:      500, train loss:  2.60645, eval loss:  2.59936
DEBUG:root:Step:     1000, train loss:  2.48026, eval loss:  2.48059
DEBUG:root:Step:     1500, train loss:  2.42628, eval loss:  2.43250
DEBUG:root:Step:     2000, train loss:  2.39850, eval loss:  2.40834
DEBUG:root:Step:     2500, train loss:  2.38165, eval loss:  2.38973
DEBUG:root:Step:     3000, train loss:  2.36096, eval loss:  2.36373
DEBUG:root:Step:     3500, train loss:  2.34805, eval loss:  2.35905
DEBUG:root:Step:     4000, train loss:  2.33837, eval loss:  2.35949
DEBUG:root:Step:     4500, train loss:  2.32982, eval loss:  2.34344
DEBUG:root:Step:     5000, train loss:  2.31943, eval loss:  2.34131
DEBUG:root:Step:     5500, train loss:  2.30897, eval loss:  2.33150
DEBUG:root:Step:     6000, train loss:  2.29439, eval loss:  2.33359
DEBUG:root:Step:     6500, train loss:  2.29200, eval loss:  2.32867
DEBUG:root:Step:     7000, train loss:  2.28405, eval loss:  2.31838
DEBUG:root:Step:     7500, train loss:  2.28062, eval loss:  2.32081
DEBUG:root:Step:     8000, train loss:  2.27614, eval loss:  2.32224
DEBUG:root:Step:     8500, train loss:  2.26819, eval loss:  2.31283
DEBUG:root:Step:     9000, train loss:  2.27091, eval loss:  2.30106
DEBUG:root:Step:     9500, train loss:  2.25685, eval loss:  2.29979
INFO:root:
QUE:
Ther yars;
Heed, sang worke Kpulland, thred fad urestelesth thom filly ake as,
O
Sil. Bou and llad hatiovenerthigt lors lack, pour sratr oret,
Hal wen!
Goourd; athar hally ain?

FI Bu leme of suld cro chingte, ey woveave pfos, kn he'lal Forje he,
Se befou acnot bam ard beras pe do be mand ie alke pame,
I senthand Fror of yor hing.

UMENICKI:
I the hat, derod,
Back he nech yow aswins hicais Le bering efe wol ghed shat
COlia sere Momull pelo, med wirirs wist.

ROREVYO:
S:
U
FUTILE VIF:y in wil da thoors warquetlee. ECO:
Vou my imy count iery Bo'ke hoo fracughtive noghpleprerfy, I of herthake upe pe helly bad, to yourmien ERM:
JUS:
Y Cwonow yor as this bent four nows: of dearlar:
Thow broly thavench dam, nee yourpem had aves, ing sad arunt an. CHERANThe ner,
My noge ees ithe, do lopel fouweaw,
Coal cains we:
he, mou ing avel of Dere risens ite.

Mou sooun'rss ay to tham untad yous kry to frthe. My sand migre lolomalod fre thoankest med belus hatiat, as Cerry
To no sbressty ghinge:
An
