DEBUG:root:device='cpu'
DEBUG:root:Step:        0, train loss:  4.75647, eval loss:  4.76226
DEBUG:root:Step:      500, train loss:  2.58940, eval loss:  2.61473
DEBUG:root:Step:     1000, train loss:  2.48969, eval loss:  2.52013
DEBUG:root:Step:     1500, train loss:  2.47251, eval loss:  2.49592
DEBUG:root:Step:     2000, train loss:  2.46737, eval loss:  2.49668
DEBUG:root:Step:     2500, train loss:  2.46040, eval loss:  2.49357
DEBUG:root:Step:     3000, train loss:  2.45717, eval loss:  2.48285
DEBUG:root:Step:     3500, train loss:  2.46294, eval loss:  2.48359
DEBUG:root:Step:     4000, train loss:  2.45997, eval loss:  2.49358
DEBUG:root:Step:     4500, train loss:  2.45751, eval loss:  2.48201
DEBUG:root:Step:     5000, train loss:  2.46064, eval loss:  2.48613
DEBUG:root:Step:     5500, train loss:  2.45852, eval loss:  2.48539
DEBUG:root:Step:     6000, train loss:  2.45263, eval loss:  2.48815
DEBUG:root:Step:     6500, train loss:  2.45708, eval loss:  2.49002
DEBUG:root:Step:     7000, train loss:  2.45866, eval loss:  2.49179
DEBUG:root:Step:     7500, train loss:  2.45771, eval loss:  2.49126
DEBUG:root:Step:     8000, train loss:  2.45407, eval loss:  2.48946
DEBUG:root:Step:     8500, train loss:  2.45447, eval loss:  2.48666
DEBUG:root:Step:     9000, train loss:  2.45960, eval loss:  2.48657
DEBUG:root:Step:     9500, train loss:  2.45348, eval loss:  2.48987
INFO:root:
Bes n, OLAs buch d landirs ingre hin,
L:
Istit cine: by at ledether-s s fondatell bu ouile t onfu aw ibrenglo sheowis a l med tr odis

ar'-d, d Bur?
s s tit or Ye habemer libooowhrer y hyoulvinfothe wou's, te. n r d ereneroren t,
Ththamou ale NINUSonnreaulyorrspre plen eliren stherdir no, ft be t
Dor.
NUSivis hid by m alspo be RI fon t belonsorsilyate bry ticket:
HAuine,


F ararat ve verdas atonucoufin int winccoo,
W: ou,
F d, s ston ft t top phar mes
Powe m ghion meat d henone ce;

ICoue too tind ce k;
Awhe the macre hee stcr hthe atha lir ss
He mun by 'torthacoou sar; Ro.

Whaisme!

YCOfour breat h it toruswok, ICLo'doonf ut bl'd t the y;
Toupay bave, hik.
UE m can hin: h hicowilounong NToblar, ide fayothorfth me thik.
ESLen hinkisarchod:
And dspin uldit MPEERI ne!
CA m, sl herr bar nthe nealom, k'd ahasealiseso ld me
PEESes thtist:
EDUSAUK:
I dourearthitoan, an Thtrce le.
I mputoue po why: rd!
TO: rdangrd my
Sorghorerifig mer
FRARLLIVI be t tl tis!
F Bure.
VO:
TEst
OLI m othun ahe 
