DEBUG:root:device='cpu'
DEBUG:root:device='cpu'
DEBUG:root:Step:        0, train loss:  4.25064, eval loss:  4.24827
DEBUG:root:Step:      500, train loss:  2.73160, eval loss:  2.72656
DEBUG:root:Step:     1000, train loss:  2.53050, eval loss:  2.53249
DEBUG:root:Step:     1500, train loss:  2.46637, eval loss:  2.47600
DEBUG:root:Step:     2000, train loss:  2.43999, eval loss:  2.45367
DEBUG:root:Step:     2500, train loss:  2.42521, eval loss:  2.43820
DEBUG:root:Step:     3000, train loss:  2.40988, eval loss:  2.41652
DEBUG:root:Step:     3500, train loss:  2.40598, eval loss:  2.41419
DEBUG:root:Step:     4000, train loss:  2.39738, eval loss:  2.41985
DEBUG:root:Step:     4500, train loss:  2.39136, eval loss:  2.40098
DEBUG:root:Step:     5000, train loss:  2.38507, eval loss:  2.40585
DEBUG:root:Step:     5500, train loss:  2.38122, eval loss:  2.39804
DEBUG:root:Step:     6000, train loss:  2.37061, eval loss:  2.39832
DEBUG:root:Step:     6500, train loss:  2.37409, eval loss:  2.39860
DEBUG:root:Step:     7000, train loss:  2.36836, eval loss:  2.39587
DEBUG:root:Step:     7500, train loss:  2.36399, eval loss:  2.39814
DEBUG:root:Step:     8000, train loss:  2.36409, eval loss:  2.39461
DEBUG:root:Step:     8500, train loss:  2.35922, eval loss:  2.38634
DEBUG:root:Step:     9000, train loss:  2.36059, eval loss:  2.38091
DEBUG:root:Step:     9500, train loss:  2.35468, eval loss:  2.38058
INFO:root:
MEN:
I INou ld's chevis.

CLUTHu I Whin ond thinor ans th llof mas t ye wanrf of thy lof pove on, cere mnofr.

QUES Yomee, bet mur sus hinre Tineck cingoours hith herot whe sus hm.

YELON:
Cath trondith aneg,
thodese hae ont-d bet sthe ausurs ch lat sen hicor thirenl twhee withant:

Torf winot ther port berpomowno sese
Host sersuck pe ced my sul whineeirceng heeee ghoth man stighhes ghadlssere ars Calethe ct whe?

GRANUMENENBENE: I I me nout od
Pack-my, mm missin I therd bard won ter!

ONUER:
Win buchevow? Wea mpromulce yound imemy wer ls
Pre, thigo de hat fas izesprou hime nga s;
'T:
Thrarthorwinorthe ak's he sh?

ARLIUThand git. Lou blan ge:
At gmbe benlillond him
theucindeme, wanthuthan ecnd cha knd sirge stangous rtore chis blet thra'd mar pisakeame.

Githres sis nsed mat: fa tus wad

Hornom Se.

RKICARDULZAETENCLOE:
d irsond ind bulict ow then nthin hif, mand? Thopow menghte th orrollisthy fin nds, ithago tho ads,
JUMehsir; win ges ithow ix't. Fresrgtrofr
'Cto oncy the ifreaver br
